<?xml version="1.0" encoding="UTF-8"?>
<testng-results skipped="0" failed="0" total="1" passed="1">
  <reporter-output>
  </reporter-output>
  <suite name="Default suite" duration-ms="3319" started-at="2022-02-02T11:25:25Z" finished-at="2022-02-02T11:25:28Z">
    <groups>
    </groups>
    <test name="Default test" duration-ms="3319" started-at="2022-02-02T11:25:25Z" finished-at="2022-02-02T11:25:28Z">
      <class name="codingChallenge.Part3">
        <test-method status="PASS" signature="findOuthighestPrice()[pri:0, instance:codingChallenge.Part3@14a2f921]" name="findOuthighestPrice" duration-ms="3310" started-at="2022-02-02T11:25:25Z" finished-at="2022-02-02T11:25:28Z">
          <reporter-output>
          </reporter-output>
        </test-method> <!-- findOuthighestPrice -->
      </class> <!-- codingChallenge.Part3 -->
    </test> <!-- Default test -->
  </suite> <!-- Default suite -->
</testng-results>
